gen_bin_tree 2025-07-08 17:17:05,147 INFO Вызвана функция non_rec_bin_tree
gen_bin_tree 2025-07-08 17:17:05,147 INFO Функция завершена
gen_bin_tree 2025-07-08 17:17:05,147 INFO Вызвана функция non_rec_bin_tree
gen_bin_tree 2025-07-08 17:17:05,147 ERROR Отловлена ошибка отрицательной высоты дерева
gen_bin_tree 2025-07-08 17:17:05,147 ERROR Во время исполнения функции произошла ошибка
gen_bin_tree 2025-07-08 17:17:05,147 INFO Функция завершена
gen_bin_tree 2025-07-08 17:17:05,147 INFO Вызвана функция non_rec_bin_tree
gen_bin_tree 2025-07-08 17:17:05,147 ERROR Отловлена ошибка типа высоты дерева
gen_bin_tree 2025-07-08 17:17:05,147 ERROR Во время исполнения функции произошла ошибка
gen_bin_tree 2025-07-08 17:17:05,148 INFO Функция завершена
gen_bin_tree 2025-07-08 17:17:05,148 INFO Вызвана функция non_rec_bin_tree
gen_bin_tree 2025-07-08 17:17:05,148 ERROR Отловлена ошибка типа корня дерева
gen_bin_tree 2025-07-08 17:17:05,148 ERROR Во время исполнения функции произошла ошибка
gen_bin_tree 2025-07-08 17:17:05,148 INFO Функция завершена
gen_bin_tree 2025-07-08 17:17:05,148 INFO Вызвана функция rec_bin_tree
gen_bin_tree 2025-07-08 17:17:05,148 INFO Вызвана функция rec_bin_tree
gen_bin_tree 2025-07-08 17:17:05,148 INFO Вызвана функция rec_bin_tree
gen_bin_tree 2025-07-08 17:17:05,148 INFO Функция завершена
gen_bin_tree 2025-07-08 17:17:05,148 INFO Вызвана функция rec_bin_tree
gen_bin_tree 2025-07-08 17:17:05,148 INFO Функция завершена
gen_bin_tree 2025-07-08 17:17:05,148 INFO Функция завершена
gen_bin_tree 2025-07-08 17:17:05,148 INFO Вызвана функция rec_bin_tree
gen_bin_tree 2025-07-08 17:17:05,148 INFO Вызвана функция rec_bin_tree
gen_bin_tree 2025-07-08 17:17:05,148 INFO Функция завершена
gen_bin_tree 2025-07-08 17:17:05,148 INFO Вызвана функция rec_bin_tree
gen_bin_tree 2025-07-08 17:17:05,148 INFO Функция завершена
gen_bin_tree 2025-07-08 17:17:05,148 INFO Функция завершена
gen_bin_tree 2025-07-08 17:17:05,148 INFO Функция завершена
gen_bin_tree 2025-07-08 17:17:05,148 INFO Вызвана функция rec_bin_tree
gen_bin_tree 2025-07-08 17:17:05,148 ERROR Отловлена ошибка отрицательной высоты дерева
gen_bin_tree 2025-07-08 17:17:05,149 ERROR Во время исполнения функции произошла ошибка
gen_bin_tree 2025-07-08 17:17:05,149 INFO Функция завершена
gen_bin_tree 2025-07-08 17:17:05,149 INFO Вызвана функция rec_bin_tree
gen_bin_tree 2025-07-08 17:17:05,149 ERROR Отловлена ошибка типа высоты дерева
gen_bin_tree 2025-07-08 17:17:05,149 ERROR Во время исполнения функции произошла ошибка
gen_bin_tree 2025-07-08 17:17:05,149 INFO Функция завершена
gen_bin_tree 2025-07-08 17:17:05,149 INFO Вызвана функция rec_bin_tree
gen_bin_tree 2025-07-08 17:17:05,149 ERROR Отловлена ошибка типа корня дерева
gen_bin_tree 2025-07-08 17:17:05,149 ERROR Во время исполнения функции произошла ошибка
gen_bin_tree 2025-07-08 17:17:05,149 INFO Функция завершена
